Determining if the pthread_create exist failed with the following output:
Change Dir: /home/wantao/Desktop/3DUserNet/E57RefImpl_src-1.1.312/build/CMakeFiles/CMakeTmp

Run Build Command:"/usr/bin/make" "cmTC_08837/fast"
/usr/bin/make -f CMakeFiles/cmTC_08837.dir/build.make CMakeFiles/cmTC_08837.dir/build
make[1]: Entering directory '/home/wantao/Desktop/3DUserNet/E57RefImpl_src-1.1.312/build/CMakeFiles/CMakeTmp'
Building C object CMakeFiles/cmTC_08837.dir/CheckSymbolExists.c.o
/usr/bin/cc     -o CMakeFiles/cmTC_08837.dir/CheckSymbolExists.c.o   -c /home/wantao/Desktop/3DUserNet/E57RefImpl_src-1.1.312/build/CMakeFiles/CMakeTmp/CheckSymbolExists.c
Linking C executable cmTC_08837
/usr/bin/cmake -E cmake_link_script CMakeFiles/cmTC_08837.dir/link.txt --verbose=1
/usr/bin/cc       CMakeFiles/cmTC_08837.dir/CheckSymbolExists.c.o  -o cmTC_08837 -rdynamic 
CMakeFiles/cmTC_08837.dir/CheckSymbolExists.c.o: In function `main':
CheckSymbolExists.c:(.text+0x16): undefined reference to `pthread_create'
collect2: error: ld returned 1 exit status
CMakeFiles/cmTC_08837.dir/build.make:97: recipe for target 'cmTC_08837' failed
make[1]: *** [cmTC_08837] Error 1
make[1]: Leaving directory '/home/wantao/Desktop/3DUserNet/E57RefImpl_src-1.1.312/build/CMakeFiles/CMakeTmp'
Makefile:126: recipe for target 'cmTC_08837/fast' failed
make: *** [cmTC_08837/fast] Error 2

File /home/wantao/Desktop/3DUserNet/E57RefImpl_src-1.1.312/build/CMakeFiles/CMakeTmp/CheckSymbolExists.c:
/* */
#include <pthread.h>

int main(int argc, char** argv)
{
  (void)argv;
#ifndef pthread_create
  return ((int*)(&pthread_create))[argc];
#else
  (void)argc;
  return 0;
#endif
}

Determining if the function pthread_create exists in the pthreads failed with the following output:
Change Dir: /home/wantao/Desktop/3DUserNet/E57RefImpl_src-1.1.312/build/CMakeFiles/CMakeTmp

Run Build Command:"/usr/bin/make" "cmTC_cfe77/fast"
/usr/bin/make -f CMakeFiles/cmTC_cfe77.dir/build.make CMakeFiles/cmTC_cfe77.dir/build
make[1]: Entering directory '/home/wantao/Desktop/3DUserNet/E57RefImpl_src-1.1.312/build/CMakeFiles/CMakeTmp'
Building C object CMakeFiles/cmTC_cfe77.dir/CheckFunctionExists.c.o
/usr/bin/cc    -DCHECK_FUNCTION_EXISTS=pthread_create   -o CMakeFiles/cmTC_cfe77.dir/CheckFunctionExists.c.o   -c /usr/share/cmake-3.5/Modules/CheckFunctionExists.c
Linking C executable cmTC_cfe77
/usr/bin/cmake -E cmake_link_script CMakeFiles/cmTC_cfe77.dir/link.txt --verbose=1
/usr/bin/cc   -DCHECK_FUNCTION_EXISTS=pthread_create    CMakeFiles/cmTC_cfe77.dir/CheckFunctionExists.c.o  -o cmTC_cfe77 -rdynamic -lpthreads 
/usr/bin/ld: cannot find -lpthreads
collect2: error: ld returned 1 exit status
CMakeFiles/cmTC_cfe77.dir/build.make:97: recipe for target 'cmTC_cfe77' failed
make[1]: *** [cmTC_cfe77] Error 1
make[1]: Leaving directory '/home/wantao/Desktop/3DUserNet/E57RefImpl_src-1.1.312/build/CMakeFiles/CMakeTmp'
Makefile:126: recipe for target 'cmTC_cfe77/fast' failed
make: *** [cmTC_cfe77/fast] Error 2


